<?xml version="1.0" encoding="UTF-8"?>
<!-- Generated by org.testng.reporters.JUnitReportReporter -->
<testsuite hostname="LAPTOP-MDDF83E7" failures="0" tests="4" name="api.test.userTests" time="15.201" errors="0" timestamp="2023-12-03T15:46:19 IST" skipped="0">
  <testcase classname="api.test.userTests" name="testpostuser" time="8.143"/>
  <testcase classname="api.test.userTests" name="getuser" time="1.733"/>
  <testcase classname="api.test.userTests" name="updateuser" time="3.461"/>
  <testcase classname="api.test.userTests" name="deleteuser" time="1.864"/>
</testsuite> <!-- api.test.userTests -->
