<?xml version="1.0" encoding="UTF-8"?>
<!-- Generated by org.testng.reporters.JUnitReportReporter -->
<testsuite hostname="LAPTOP-MDDF83E7" failures="0" tests="6" name="api.test.DDTests" time="19.425" errors="0" timestamp="2023-12-03T15:45:06 IST" skipped="0">
  <testcase classname="api.test.DDTests" name="testpostuser" time="1.909"/>
  <testcase classname="api.test.DDTests" name="testpostuser" time="10.061"/>
  <testcase classname="api.test.DDTests" name="testpostuser" time="1.636"/>
  <testcase classname="api.test.DDTests" name="testDeleteUserByName" time="1.942"/>
  <testcase classname="api.test.DDTests" name="testDeleteUserByName" time="2.026"/>
  <testcase classname="api.test.DDTests" name="testDeleteUserByName" time="1.851"/>
</testsuite> <!-- api.test.DDTests -->
