<?xml version="1.0" encoding="UTF-8"?>
<!-- Generated by org.testng.reporters.JUnitReportReporter -->
<testsuite hostname="LAPTOP-MDDF83E7" failures="0" tests="4" name="api.test.userTests2" time="12.515" errors="0" timestamp="2023-12-03T14:59:07 IST" skipped="0">
  <testcase classname="api.test.userTests2" name="testpostuser" time="6.350"/>
  <testcase classname="api.test.userTests2" name="getuser" time="1.549"/>
  <testcase classname="api.test.userTests2" name="updateuser" time="2.972"/>
  <testcase classname="api.test.userTests2" name="deleteuser" time="1.644"/>
</testsuite> <!-- api.test.userTests2 -->
