<?xml version="1.0" encoding="UTF-8"?>
<!-- Generated by org.testng.reporters.JUnitReportReporter -->
<testsuite hostname="LAPTOP-MDDF83E7" failures="0" tests="6" name="api.test.DDTests" time="16.670" errors="0" timestamp="2023-12-03T16:10:38 IST" skipped="0">
  <testcase classname="api.test.DDTests" name="testpostuser" time="1.736"/>
  <testcase classname="api.test.DDTests" name="testpostuser" time="1.947"/>
  <testcase classname="api.test.DDTests" name="testpostuser" time="7.740"/>
  <testcase classname="api.test.DDTests" name="testDeleteUserByName" time="1.945"/>
  <testcase classname="api.test.DDTests" name="testDeleteUserByName" time="1.893"/>
  <testcase classname="api.test.DDTests" name="testDeleteUserByName" time="1.409"/>
</testsuite> <!-- api.test.DDTests -->
