<?xml version="1.0" encoding="UTF-8"?>
<!-- Generated by org.testng.reporters.JUnitReportReporter -->
<testsuite hostname="LAPTOP-MDDF83E7" failures="0" tests="4" name="api.test.userTests" time="9.092" errors="0" timestamp="2023-12-03T16:10:38 IST" skipped="0">
  <testcase classname="api.test.userTests" name="testpostuser" time="1.868"/>
  <testcase classname="api.test.userTests" name="getuser" time="1.826"/>
  <testcase classname="api.test.userTests" name="updateuser" time="3.664"/>
  <testcase classname="api.test.userTests" name="deleteuser" time="1.734"/>
</testsuite> <!-- api.test.userTests -->
